07-06-2023 @ 22:10:52 - 3.1.0 - No subscription webhooks found using API version 3. No updates needed.
07-06-2023 @ 22:10:52 - 5.7.2 upgrade complete from Subscriptions v0 while WooCommerce WC_VERSION 7.8.2 and database version 7.8.2 was active.
07-06-2023 @ 22:10:52 - Environment info:
07-06-2023 @ 22:10:52 -     WordPress Version : 6.2.2
07-06-2023 @ 22:10:52 - Active Plugins:
07-06-2023 @ 22:10:52 -     Antispam Bee by pluginkollektiv – 2.11.3
07-06-2023 @ 22:10:52 -     Phlox Core Elements by averta – 2.14.0
07-06-2023 @ 22:10:52 -     Contact Form 7 by Takayuki Miyoshi – 5.7.7
07-06-2023 @ 22:10:52 -     Depicter by Averta – 1.9.5
07-06-2023 @ 22:10:52 -     Elementor Beta (Developer Edition) by Elementor.com – 1.1.1
07-06-2023 @ 22:10:52 -     Elementor by Elementor.com – 3.14.1
07-06-2023 @ 22:10:52 -     GTranslate by Translate AI Multilingual Solutions – 3.0.3
07-06-2023 @ 22:10:52 -     Jetpack by Automattic – 12.3
07-06-2023 @ 22:10:52 -     MC4WP: Mailchimp for WordPress by ibericode – 4.9.5
07-06-2023 @ 22:10:52 -     One Click Demo Import by OCDI – 3.1.2
07-06-2023 @ 22:10:52 -     Page Section For Themereviewer by Unknown – 1.0
07-06-2023 @ 22:10:52 -     Reviewexchanger Demo Importer by Unknown – 1.0
07-06-2023 @ 22:10:52 -     Sucuri Security - Auditing, Malware Scanner and Hardening by Sucuri Inc. – 1.8.39
07-06-2023 @ 22:10:52 -     Ultimate Member by Ultimate Member – 2.6.7
07-06-2023 @ 22:10:52 -     WooCommerce Payments by Automattic – 6.1.1
07-06-2023 @ 22:10:52 -     WooCommerce PayPal Payments by WooCommerce – 2.1.0
07-06-2023 @ 22:10:52 -     WooCommerce by Automattic – 7.8.2
07-06-2023 @ 22:10:52 -     WP ULike by TechnoWich – 4.6.7
